<?xml version="1.0" encoding="UTF-8"?>
<testng-results skipped="0" failed="0" total="1" passed="1">
  <reporter-output>
  </reporter-output>
  <suite name="Suite" duration-ms="17854" started-at="2017-08-05T07:40:28Z" finished-at="2017-08-05T07:40:46Z">
    <groups>
    </groups>
    <test name="Test" duration-ms="17854" started-at="2017-08-05T07:40:28Z" finished-at="2017-08-05T07:40:46Z">
      <class name="SampleTest">
        <test-method status="PASS" signature="test()[pri:0, instance:SampleTest@18e8568]" name="test" duration-ms="17819" started-at="2017-08-05T15:40:28Z" finished-at="2017-08-05T15:40:46Z">
          <reporter-output>
          </reporter-output>
        </test-method> <!-- test -->
      </class> <!-- SampleTest -->
    </test> <!-- Test -->
  </suite> <!-- Suite -->
</testng-results>
