<?xml version="1.0" encoding="UTF-8"?>
<testng-results skipped="0" failed="0" ignored="0" total="1" passed="1">
  <reporter-output>
  </reporter-output>
  <suite name="Suite" duration-ms="28887" started-at="2017-08-05T08:43:30Z" finished-at="2017-08-05T08:43:58Z">
    <groups>
    </groups>
    <test name="Test" duration-ms="28887" started-at="2017-08-05T08:43:30Z" finished-at="2017-08-05T08:43:58Z">
      <class name="SampleTest">
        <test-method status="PASS" signature="test()[pri:0, instance:SampleTest@675d3402]" name="test" duration-ms="28829" started-at="2017-08-05T16:43:30Z" finished-at="2017-08-05T16:43:58Z">
          <reporter-output>
          </reporter-output>
        </test-method> <!-- test -->
      </class> <!-- SampleTest -->
    </test> <!-- Test -->
  </suite> <!-- Suite -->
</testng-results>
