<?xml version="1.0" encoding="UTF-8"?>
<testng-results skipped="0" failed="0" ignored="0" total="1" passed="1">
  <reporter-output>
  </reporter-output>
  <suite name="Suite" duration-ms="16997" started-at="2017-08-05T07:32:20Z" finished-at="2017-08-05T07:32:37Z">
    <groups>
    </groups>
    <test name="Test" duration-ms="16997" started-at="2017-08-05T07:32:20Z" finished-at="2017-08-05T07:32:37Z">
      <class name="SampleTest">
        <test-method status="PASS" signature="test()[pri:0, instance:SampleTest@721e0f4f]" name="test" duration-ms="16945" started-at="2017-08-05T15:32:20Z" finished-at="2017-08-05T15:32:37Z">
          <reporter-output>
          </reporter-output>
        </test-method> <!-- test -->
      </class> <!-- SampleTest -->
    </test> <!-- Test -->
  </suite> <!-- Suite -->
</testng-results>
